<?xml version="1.0" encoding="UTF-8"?>
<!-- Generated by org.testng.reporters.JUnitXMLReporter -->
<testsuite ignored="6" hostname="Galaxy-A8-2018.hitronhub.home" failures="0" tests="3" name="Test1" time="0.022" errors="0" timestamp="01 Jul. 2020 17:23:23 GMT">
  <testcase classname="Test.Demo" name="Demo" time="0.005"/>
  <testcase classname="Test.Day2" name="appium2" time="0.0"/>
  <testcase classname="Test.Day3" name="api3" time="0.0"/>
  <testcase classname="Test.Demo" name="sam" time="0.0">
    <ignored/>
  </testcase> <!-- sam -->
  <testcase classname="Test.Day2" name="api2" time="0.0">
    <ignored/>
  </testcase> <!-- api2 -->
  <testcase classname="Test.Day3" name="appium3" time="0.0">
    <ignored/>
  </testcase> <!-- appium3 -->
  <testcase classname="Test.Day2" name="selenium2" time="0.0">
    <ignored/>
  </testcase> <!-- selenium2 -->
  <testcase classname="Test.Day3" name="selenium3" time="0.0">
    <ignored/>
  </testcase> <!-- selenium3 -->
  <testcase classname="Test.Demo" name="Venkata" time="0.0">
    <ignored/>
  </testcase> <!-- Venkata -->
</testsuite> <!-- Test1 -->
